<?xml version="1.0" encoding="UTF-8"?>
<testsuites>
<testsuite timestamp="2026-06-15T15:44:48" hostname="Ubuntu" package="global_cmd_processor" id="0" name="cover" tests="14" errors="0" failures="0" time="0" skipped="10">
<properties>
<property name="os" value="Linux"/>
<property name="expect" value="PASS"/>
<property name="status" value="PASS"/>
</properties>
<testcase classname="cover" name="build execution" time="0">
</testcase>
<testcase classname="cover" name="Property ASSERT in global_cmd_processor_formal at global_cmd_processor_formal.sv:52.13-52.65" time="0" type="ASSERT" location="global_cmd_processor_formal.sv:52.13-52.65" id="_witness_.check_assert_global_cmd_processor_formal_sv_52_27">
<skipped />
</testcase>
<testcase classname="cover" name="Property ASSERT in global_cmd_processor_formal at global_cmd_processor_formal.sv:57.13-57.37" time="0" type="ASSERT" location="global_cmd_processor_formal.sv:57.13-57.37" id="_witness_.check_assert_global_cmd_processor_formal_sv_57_40">
<skipped />
</testcase>
<testcase classname="cover" name="Property ASSERT in global_cmd_processor_formal at global_cmd_processor_formal.sv:61.36-61.65" time="0" type="ASSERT" location="global_cmd_processor_formal.sv:61.36-61.65" id="_witness_.check_assert_global_cmd_processor_formal_sv_61_45">
<skipped />
</testcase>
<testcase classname="cover" name="Property ASSERT in global_cmd_processor_formal at global_cmd_processor_formal.sv:64.36-64.65" time="0" type="ASSERT" location="global_cmd_processor_formal.sv:64.36-64.65" id="_witness_.check_assert_global_cmd_processor_formal_sv_64_49">
<skipped />
</testcase>
<testcase classname="cover" name="Property ASSERT in global_cmd_processor_formal at global_cmd_processor_formal.sv:68.20-68.60" time="0" type="ASSERT" location="global_cmd_processor_formal.sv:68.20-68.60" id="_witness_.check_assert_global_cmd_processor_formal_sv_68_52">
<skipped />
</testcase>
<testcase classname="cover" name="Property ASSERT in global_cmd_processor_formal at global_cmd_processor_formal.sv:76.21-76.45" time="0" type="ASSERT" location="global_cmd_processor_formal.sv:76.21-76.45" id="_witness_.check_assert_global_cmd_processor_formal_sv_76_80">
<skipped />
</testcase>
<testcase classname="cover" name="Property ASSERT in global_cmd_processor_formal at global_cmd_processor_formal.sv:76.21-76.45" time="0" type="ASSERT" location="global_cmd_processor_formal.sv:76.21-76.45" id="_witness_.check_assert_global_cmd_processor_formal_sv_76_83">
<skipped />
</testcase>
<testcase classname="cover" name="Property ASSERT in global_cmd_processor_formal at global_cmd_processor_formal.sv:76.21-76.45" time="0" type="ASSERT" location="global_cmd_processor_formal.sv:76.21-76.45" id="_witness_.check_assert_global_cmd_processor_formal_sv_76_86">
<skipped />
</testcase>
<testcase classname="cover" name="Property ASSERT in global_cmd_processor_formal at global_cmd_processor_formal.sv:76.21-76.45" time="0" type="ASSERT" location="global_cmd_processor_formal.sv:76.21-76.45" id="_witness_.check_assert_global_cmd_processor_formal_sv_76_89">
<skipped />
</testcase>
<testcase classname="cover" name="Property ASSERT in global_cmd_processor_formal at global_cmd_processor_formal.sv:83.13-83.38" time="0" type="ASSERT" location="global_cmd_processor_formal.sv:83.13-83.38" id="_witness_.check_assert_global_cmd_processor_formal_sv_83_61">
<skipped />
</testcase>
<testcase classname="cover" name="Property COVER in global_cmd_processor_formal at global_cmd_processor_formal.sv:87.36-87.59" time="0" type="COVER" location="global_cmd_processor_formal.sv:87.36-87.59" id="_witness_.check_cover_global_cmd_processor_formal_sv_87_65" tracefile="engine_0/trace0.vcd">
</testcase>
<testcase classname="cover" name="Property COVER in global_cmd_processor_formal at global_cmd_processor_formal.sv:91.36-91.72" time="0" type="COVER" location="global_cmd_processor_formal.sv:91.36-91.72" id="_witness_.check_cover_global_cmd_processor_formal_sv_91_69" tracefile="engine_0/trace2.vcd">
</testcase>
<testcase classname="cover" name="Property COVER in global_cmd_processor_formal at global_cmd_processor_formal.sv:95.36-95.72" time="0" type="COVER" location="global_cmd_processor_formal.sv:95.36-95.72" id="_witness_.check_cover_global_cmd_processor_formal_sv_95_73" tracefile="engine_0/trace3.vcd">
</testcase>
<testcase classname="cover" name="Property COVER in global_cmd_processor_formal at global_cmd_processor_formal.sv:99.36-99.47" time="0" type="COVER" location="global_cmd_processor_formal.sv:99.36-99.47" id="_witness_.check_cover_global_cmd_processor_formal_sv_99_77" tracefile="engine_0/trace1.vcd">
</testcase>
<system-out>SBY 15:44:48 [global_cmd_processor_cover] Removing directory '/home/mark/Projects/tensor_accelerator/verification/global_cmd_processor/global_cmd_processor_cover'.
SBY 15:44:48 [global_cmd_processor_cover] Copy '/home/mark/Projects/tensor_accelerator/verification/global_cmd_processor/global_cmd_processor_formal.sv' to '/home/mark/Projects/tensor_accelerator/verification/global_cmd_processor/global_cmd_processor_cover/src/global_cmd_processor_formal.sv'.
SBY 15:44:48 [global_cmd_processor_cover] Copy '/home/mark/Projects/tensor_accelerator/verification/global_cmd_processor/../../rtl/control/global_cmd_processor.v' to '/home/mark/Projects/tensor_accelerator/verification/global_cmd_processor/global_cmd_processor_cover/src/global_cmd_processor.v'.
SBY 15:44:48 [global_cmd_processor_cover] engine_0: smtbmc boolector
SBY 15:44:48 [global_cmd_processor_cover] base: starting process &quot;cd global_cmd_processor_cover/src; yosys -ql ../model/design.log ../model/design.ys&quot;
SBY 15:44:48 [global_cmd_processor_cover] base: Warning: Replacing memory \tpc_pc with list of registers. See global_cmd_processor.v:173
SBY 15:44:48 [global_cmd_processor_cover] base: Warning: Wire global_cmd_processor_formal.\tpc_error [3] is used but has no driver.
SBY 15:44:48 [global_cmd_processor_cover] base: Warning: Wire global_cmd_processor_formal.\tpc_error [2] is used but has no driver.
SBY 15:44:48 [global_cmd_processor_cover] base: Warning: Wire global_cmd_processor_formal.\tpc_error [1] is used but has no driver.
SBY 15:44:48 [global_cmd_processor_cover] base: Warning: Wire global_cmd_processor_formal.\tpc_error [0] is used but has no driver.
SBY 15:44:48 [global_cmd_processor_cover] base: Warning: Wire global_cmd_processor_formal.\tpc_done [3] is used but has no driver.
SBY 15:44:48 [global_cmd_processor_cover] base: Warning: Wire global_cmd_processor_formal.\tpc_done [2] is used but has no driver.
SBY 15:44:48 [global_cmd_processor_cover] base: Warning: Wire global_cmd_processor_formal.\tpc_done [1] is used but has no driver.
SBY 15:44:48 [global_cmd_processor_cover] base: Warning: Wire global_cmd_processor_formal.\tpc_done [0] is used but has no driver.
SBY 15:44:48 [global_cmd_processor_cover] base: Warning: Wire global_cmd_processor_formal.\tpc_busy [3] is used but has no driver.
SBY 15:44:48 [global_cmd_processor_cover] base: Warning: Wire global_cmd_processor_formal.\tpc_busy [2] is used but has no driver.
SBY 15:44:48 [global_cmd_processor_cover] base: Warning: Wire global_cmd_processor_formal.\tpc_busy [1] is used but has no driver.
SBY 15:44:48 [global_cmd_processor_cover] base: Warning: Wire global_cmd_processor_formal.\tpc_busy [0] is used but has no driver.
SBY 15:44:48 [global_cmd_processor_cover] base: Warning: Wire global_cmd_processor_formal.\s_axi_arvalid is used but has no driver.
SBY 15:44:48 [global_cmd_processor_cover] base: Warning: Wire global_cmd_processor_formal.\s_axi_araddr [11] is used but has no driver.
SBY 15:44:48 [global_cmd_processor_cover] base: Warning: Wire global_cmd_processor_formal.\s_axi_araddr [10] is used but has no driver.
SBY 15:44:48 [global_cmd_processor_cover] base: Warning: Wire global_cmd_processor_formal.\s_axi_araddr [9] is used but has no driver.
SBY 15:44:48 [global_cmd_processor_cover] base: Warning: Wire global_cmd_processor_formal.\s_axi_araddr [8] is used but has no driver.
SBY 15:44:48 [global_cmd_processor_cover] base: Warning: Wire global_cmd_processor_formal.\s_axi_araddr [7] is used but has no driver.
SBY 15:44:48 [global_cmd_processor_cover] base: Warning: Wire global_cmd_processor_formal.\s_axi_araddr [6] is used but has no driver.
SBY 15:44:48 [global_cmd_processor_cover] base: Warning: Wire global_cmd_processor_formal.\s_axi_araddr [5] is used but has no driver.
SBY 15:44:48 [global_cmd_processor_cover] base: Warning: Wire global_cmd_processor_formal.\s_axi_araddr [4] is used but has no driver.
SBY 15:44:48 [global_cmd_processor_cover] base: Warning: Wire global_cmd_processor_formal.\s_axi_araddr [3] is used but has no driver.
SBY 15:44:48 [global_cmd_processor_cover] base: Warning: Wire global_cmd_processor_formal.\s_axi_araddr [2] is used but has no driver.
SBY 15:44:48 [global_cmd_processor_cover] base: Warning: Wire global_cmd_processor_formal.\s_axi_araddr [1] is used but has no driver.
SBY 15:44:48 [global_cmd_processor_cover] base: Warning: Wire global_cmd_processor_formal.\s_axi_araddr [0] is used but has no driver.
SBY 15:44:48 [global_cmd_processor_cover] base: Warning: Wire global_cmd_processor_formal.\s_axi_wvalid is used but has no driver.
SBY 15:44:48 [global_cmd_processor_cover] base: Warning: Wire global_cmd_processor_formal.\s_axi_wstrb [3] is used but has no driver.
SBY 15:44:48 [global_cmd_processor_cover] base: Warning: Wire global_cmd_processor_formal.\s_axi_wstrb [2] is used but has no driver.
SBY 15:44:48 [global_cmd_processor_cover] base: Warning: Wire global_cmd_processor_formal.\s_axi_wstrb [1] is used but has no driver.
SBY 15:44:48 [global_cmd_processor_cover] base: Warning: Wire global_cmd_processor_formal.\s_axi_wstrb [0] is used but has no driver.
SBY 15:44:48 [global_cmd_processor_cover] base: Warning: Wire global_cmd_processor_formal.\s_axi_wdata [31] is used but has no driver.
SBY 15:44:48 [global_cmd_processor_cover] base: Warning: Wire global_cmd_processor_formal.\s_axi_wdata [30] is used but has no driver.
SBY 15:44:48 [global_cmd_processor_cover] base: Warning: Wire global_cmd_processor_formal.\s_axi_wdata [29] is used but has no driver.
SBY 15:44:48 [global_cmd_processor_cover] base: Warning: Wire global_cmd_processor_formal.\s_axi_wdata [28] is used but has no driver.
SBY 15:44:48 [global_cmd_processor_cover] base: Warning: Wire global_cmd_processor_formal.\s_axi_wdata [27] is used but has no driver.
SBY 15:44:48 [global_cmd_processor_cover] base: Warning: Wire global_cmd_processor_formal.\s_axi_wdata [26] is used but has no driver.
SBY 15:44:48 [global_cmd_processor_cover] base: Warning: Wire global_cmd_processor_formal.\s_axi_wdata [25] is used but has no driver.
SBY 15:44:48 [global_cmd_processor_cover] base: Warning: Wire global_cmd_processor_formal.\s_axi_wdata [24] is used but has no driver.
SBY 15:44:48 [global_cmd_processor_cover] base: Warning: Wire global_cmd_processor_formal.\s_axi_wdata [23] is used but has no driver.
SBY 15:44:48 [global_cmd_processor_cover] base: Warning: Wire global_cmd_processor_formal.\s_axi_wdata [22] is used but has no driver.
SBY 15:44:48 [global_cmd_processor_cover] base: Warning: Wire global_cmd_processor_formal.\s_axi_wdata [21] is used but has no driver.
SBY 15:44:48 [global_cmd_processor_cover] base: Warning: Wire global_cmd_processor_formal.\s_axi_wdata [20] is used but has no driver.
SBY 15:44:48 [global_cmd_processor_cover] base: Warning: Wire global_cmd_processor_formal.\s_axi_wdata [19] is used but has no driver.
SBY 15:44:48 [global_cmd_processor_cover] base: Warning: Wire global_cmd_processor_formal.\s_axi_wdata [18] is used but has no driver.
SBY 15:44:48 [global_cmd_processor_cover] base: Warning: Wire global_cmd_processor_formal.\s_axi_wdata [17] is used but has no driver.
SBY 15:44:48 [global_cmd_processor_cover] base: Warning: Wire global_cmd_processor_formal.\s_axi_wdata [16] is used but has no driver.
SBY 15:44:48 [global_cmd_processor_cover] base: Warning: Wire global_cmd_processor_formal.\s_axi_wdata [15] is used but has no driver.
SBY 15:44:48 [global_cmd_processor_cover] base: Warning: Wire global_cmd_processor_formal.\s_axi_wdata [14] is used but has no driver.
SBY 15:44:48 [global_cmd_processor_cover] base: Warning: Wire global_cmd_processor_formal.\s_axi_wdata [13] is used but has no driver.
SBY 15:44:48 [global_cmd_processor_cover] base: Warning: Wire global_cmd_processor_formal.\s_axi_wdata [12] is used but has no driver.
SBY 15:44:48 [global_cmd_processor_cover] base: Warning: Wire global_cmd_processor_formal.\s_axi_wdata [11] is used but has no driver.
SBY 15:44:48 [global_cmd_processor_cover] base: Warning: Wire global_cmd_processor_formal.\s_axi_wdata [10] is used but has no driver.
SBY 15:44:48 [global_cmd_processor_cover] base: Warning: Wire global_cmd_processor_formal.\s_axi_wdata [9] is used but has no driver.
SBY 15:44:48 [global_cmd_processor_cover] base: Warning: Wire global_cmd_processor_formal.\s_axi_wdata [8] is used but has no driver.
SBY 15:44:48 [global_cmd_processor_cover] base: Warning: Wire global_cmd_processor_formal.\s_axi_wdata [7] is used but has no driver.
SBY 15:44:48 [global_cmd_processor_cover] base: Warning: Wire global_cmd_processor_formal.\s_axi_wdata [6] is used but has no driver.
SBY 15:44:48 [global_cmd_processor_cover] base: Warning: Wire global_cmd_processor_formal.\s_axi_wdata [5] is used but has no driver.
SBY 15:44:48 [global_cmd_processor_cover] base: Warning: Wire global_cmd_processor_formal.\s_axi_wdata [4] is used but has no driver.
SBY 15:44:48 [global_cmd_processor_cover] base: Warning: Wire global_cmd_processor_formal.\s_axi_wdata [3] is used but has no driver.
SBY 15:44:48 [global_cmd_processor_cover] base: Warning: Wire global_cmd_processor_formal.\s_axi_wdata [2] is used but has no driver.
SBY 15:44:48 [global_cmd_processor_cover] base: Warning: Wire global_cmd_processor_formal.\s_axi_wdata [1] is used but has no driver.
SBY 15:44:48 [global_cmd_processor_cover] base: Warning: Wire global_cmd_processor_formal.\s_axi_wdata [0] is used but has no driver.
SBY 15:44:48 [global_cmd_processor_cover] base: Warning: Wire global_cmd_processor_formal.\s_axi_awvalid is used but has no driver.
SBY 15:44:48 [global_cmd_processor_cover] base: Warning: Wire global_cmd_processor_formal.\s_axi_awaddr [11] is used but has no driver.
SBY 15:44:48 [global_cmd_processor_cover] base: Warning: Wire global_cmd_processor_formal.\s_axi_awaddr [10] is used but has no driver.
SBY 15:44:48 [global_cmd_processor_cover] base: Warning: Wire global_cmd_processor_formal.\s_axi_awaddr [9] is used but has no driver.
SBY 15:44:48 [global_cmd_processor_cover] base: Warning: Wire global_cmd_processor_formal.\s_axi_awaddr [8] is used but has no driver.
SBY 15:44:48 [global_cmd_processor_cover] base: Warning: Wire global_cmd_processor_formal.\s_axi_awaddr [7] is used but has no driver.
SBY 15:44:48 [global_cmd_processor_cover] base: Warning: Wire global_cmd_processor_formal.\s_axi_awaddr [6] is used but has no driver.
SBY 15:44:48 [global_cmd_processor_cover] base: Warning: Wire global_cmd_processor_formal.\s_axi_awaddr [5] is used but has no driver.
SBY 15:44:48 [global_cmd_processor_cover] base: Warning: Wire global_cmd_processor_formal.\s_axi_awaddr [4] is used but has no driver.
SBY 15:44:48 [global_cmd_processor_cover] base: Warning: Wire global_cmd_processor_formal.\s_axi_awaddr [3] is used but has no driver.
SBY 15:44:48 [global_cmd_processor_cover] base: Warning: Wire global_cmd_processor_formal.\s_axi_awaddr [2] is used but has no driver.
SBY 15:44:48 [global_cmd_processor_cover] base: Warning: Wire global_cmd_processor_formal.\s_axi_awaddr [1] is used but has no driver.
SBY 15:44:48 [global_cmd_processor_cover] base: Warning: Wire global_cmd_processor_formal.\s_axi_awaddr [0] is used but has no driver.
SBY 15:44:48 [global_cmd_processor_cover] base: Warning: Wire global_cmd_processor_formal.\s_axi_bready is used but has no driver.
SBY 15:44:48 [global_cmd_processor_cover] base: Warning: Wire global_cmd_processor_formal.\s_axi_rready is used but has no driver.
SBY 15:44:48 [global_cmd_processor_cover] base: Warning: Wire global_cmd_processor_formal.\sync_request [0] is used but has no driver.
SBY 15:44:48 [global_cmd_processor_cover] base: Warning: Wire global_cmd_processor_formal.\sync_request [1] is used but has no driver.
SBY 15:44:48 [global_cmd_processor_cover] base: Warning: Wire global_cmd_processor_formal.\sync_request [2] is used but has no driver.
SBY 15:44:48 [global_cmd_processor_cover] base: Warning: Wire global_cmd_processor_formal.\sync_request [3] is used but has no driver.
SBY 15:44:48 [global_cmd_processor_cover] base: Warning: Wire global_cmd_processor_formal.\rst_n is used but has no driver.
SBY 15:44:48 [global_cmd_processor_cover] base: Warning: Wire global_cmd_processor_formal.\clk is used but has no driver.
SBY 15:44:48 [global_cmd_processor_cover] base: finished (returncode=0)
SBY 15:44:48 [global_cmd_processor_cover] prep: starting process &quot;cd global_cmd_processor_cover/model; yosys -ql design_prep.log design_prep.ys&quot;
SBY 15:44:48 [global_cmd_processor_cover] prep: Warning: Wire global_cmd_processor_formal.\tpc_error [3] is used but has no driver.
SBY 15:44:48 [global_cmd_processor_cover] prep: Warning: Wire global_cmd_processor_formal.\tpc_error [2] is used but has no driver.
SBY 15:44:48 [global_cmd_processor_cover] prep: Warning: Wire global_cmd_processor_formal.\tpc_error [1] is used but has no driver.
SBY 15:44:48 [global_cmd_processor_cover] prep: Warning: Wire global_cmd_processor_formal.\tpc_error [0] is used but has no driver.
SBY 15:44:48 [global_cmd_processor_cover] prep: Warning: Wire global_cmd_processor_formal.\tpc_done [3] is used but has no driver.
SBY 15:44:48 [global_cmd_processor_cover] prep: Warning: Wire global_cmd_processor_formal.\tpc_done [2] is used but has no driver.
SBY 15:44:48 [global_cmd_processor_cover] prep: Warning: Wire global_cmd_processor_formal.\tpc_done [1] is used but has no driver.
SBY 15:44:48 [global_cmd_processor_cover] prep: Warning: Wire global_cmd_processor_formal.\tpc_done [0] is used but has no driver.
SBY 15:44:48 [global_cmd_processor_cover] prep: Warning: Wire global_cmd_processor_formal.\tpc_busy [3] is used but has no driver.
SBY 15:44:48 [global_cmd_processor_cover] prep: Warning: Wire global_cmd_processor_formal.\tpc_busy [2] is used but has no driver.
SBY 15:44:48 [global_cmd_processor_cover] prep: Warning: Wire global_cmd_processor_formal.\tpc_busy [1] is used but has no driver.
SBY 15:44:48 [global_cmd_processor_cover] prep: Warning: Wire global_cmd_processor_formal.\tpc_busy [0] is used but has no driver.
SBY 15:44:48 [global_cmd_processor_cover] prep: Warning: Wire global_cmd_processor_formal.\sync_request [3] is used but has no driver.
SBY 15:44:48 [global_cmd_processor_cover] prep: Warning: Wire global_cmd_processor_formal.\sync_request [2] is used but has no driver.
SBY 15:44:48 [global_cmd_processor_cover] prep: Warning: Wire global_cmd_processor_formal.\sync_request [1] is used but has no driver.
SBY 15:44:48 [global_cmd_processor_cover] prep: Warning: Wire global_cmd_processor_formal.\sync_request [0] is used but has no driver.
SBY 15:44:48 [global_cmd_processor_cover] prep: Warning: Wire global_cmd_processor_formal.\s_axi_wvalid is used but has no driver.
SBY 15:44:48 [global_cmd_processor_cover] prep: Warning: Wire global_cmd_processor_formal.\s_axi_wstrb [3] is used but has no driver.
SBY 15:44:48 [global_cmd_processor_cover] prep: Warning: Wire global_cmd_processor_formal.\s_axi_wstrb [2] is used but has no driver.
SBY 15:44:48 [global_cmd_processor_cover] prep: Warning: Wire global_cmd_processor_formal.\s_axi_wstrb [1] is used but has no driver.
SBY 15:44:48 [global_cmd_processor_cover] prep: Warning: Wire global_cmd_processor_formal.\s_axi_wstrb [0] is used but has no driver.
SBY 15:44:48 [global_cmd_processor_cover] prep: Warning: Wire global_cmd_processor_formal.\s_axi_wdata [31] is used but has no driver.
SBY 15:44:48 [global_cmd_processor_cover] prep: Warning: Wire global_cmd_processor_formal.\s_axi_wdata [30] is used but has no driver.
SBY 15:44:48 [global_cmd_processor_cover] prep: Warning: Wire global_cmd_processor_formal.\s_axi_wdata [29] is used but has no driver.
SBY 15:44:48 [global_cmd_processor_cover] prep: Warning: Wire global_cmd_processor_formal.\s_axi_wdata [28] is used but has no driver.
SBY 15:44:48 [global_cmd_processor_cover] prep: Warning: Wire global_cmd_processor_formal.\s_axi_wdata [27] is used but has no driver.
SBY 15:44:48 [global_cmd_processor_cover] prep: Warning: Wire global_cmd_processor_formal.\s_axi_wdata [26] is used but has no driver.
SBY 15:44:48 [global_cmd_processor_cover] prep: Warning: Wire global_cmd_processor_formal.\s_axi_wdata [25] is used but has no driver.
SBY 15:44:48 [global_cmd_processor_cover] prep: Warning: Wire global_cmd_processor_formal.\s_axi_wdata [24] is used but has no driver.
SBY 15:44:48 [global_cmd_processor_cover] prep: Warning: Wire global_cmd_processor_formal.\s_axi_wdata [23] is used but has no driver.
SBY 15:44:48 [global_cmd_processor_cover] prep: Warning: Wire global_cmd_processor_formal.\s_axi_wdata [22] is used but has no driver.
SBY 15:44:48 [global_cmd_processor_cover] prep: Warning: Wire global_cmd_processor_formal.\s_axi_wdata [21] is used but has no driver.
SBY 15:44:48 [global_cmd_processor_cover] prep: Warning: Wire global_cmd_processor_formal.\s_axi_wdata [20] is used but has no driver.
SBY 15:44:48 [global_cmd_processor_cover] prep: Warning: Wire global_cmd_processor_formal.\s_axi_wdata [19] is used but has no driver.
SBY 15:44:48 [global_cmd_processor_cover] prep: Warning: Wire global_cmd_processor_formal.\s_axi_wdata [18] is used but has no driver.
SBY 15:44:48 [global_cmd_processor_cover] prep: Warning: Wire global_cmd_processor_formal.\s_axi_wdata [17] is used but has no driver.
SBY 15:44:48 [global_cmd_processor_cover] prep: Warning: Wire global_cmd_processor_formal.\s_axi_wdata [16] is used but has no driver.
SBY 15:44:48 [global_cmd_processor_cover] prep: Warning: Wire global_cmd_processor_formal.\s_axi_wdata [15] is used but has no driver.
SBY 15:44:48 [global_cmd_processor_cover] prep: Warning: Wire global_cmd_processor_formal.\s_axi_wdata [14] is used but has no driver.
SBY 15:44:48 [global_cmd_processor_cover] prep: Warning: Wire global_cmd_processor_formal.\s_axi_wdata [13] is used but has no driver.
SBY 15:44:48 [global_cmd_processor_cover] prep: Warning: Wire global_cmd_processor_formal.\s_axi_wdata [12] is used but has no driver.
SBY 15:44:48 [global_cmd_processor_cover] prep: Warning: Wire global_cmd_processor_formal.\s_axi_wdata [11] is used but has no driver.
SBY 15:44:48 [global_cmd_processor_cover] prep: Warning: Wire global_cmd_processor_formal.\s_axi_wdata [10] is used but has no driver.
SBY 15:44:48 [global_cmd_processor_cover] prep: Warning: Wire global_cmd_processor_formal.\s_axi_wdata [9] is used but has no driver.
SBY 15:44:48 [global_cmd_processor_cover] prep: Warning: Wire global_cmd_processor_formal.\s_axi_wdata [8] is used but has no driver.
SBY 15:44:48 [global_cmd_processor_cover] prep: Warning: Wire global_cmd_processor_formal.\s_axi_wdata [7] is used but has no driver.
SBY 15:44:48 [global_cmd_processor_cover] prep: Warning: Wire global_cmd_processor_formal.\s_axi_wdata [6] is used but has no driver.
SBY 15:44:48 [global_cmd_processor_cover] prep: Warning: Wire global_cmd_processor_formal.\s_axi_wdata [5] is used but has no driver.
SBY 15:44:48 [global_cmd_processor_cover] prep: Warning: Wire global_cmd_processor_formal.\s_axi_wdata [4] is used but has no driver.
SBY 15:44:48 [global_cmd_processor_cover] prep: Warning: Wire global_cmd_processor_formal.\s_axi_wdata [3] is used but has no driver.
SBY 15:44:48 [global_cmd_processor_cover] prep: Warning: Wire global_cmd_processor_formal.\s_axi_wdata [2] is used but has no driver.
SBY 15:44:48 [global_cmd_processor_cover] prep: Warning: Wire global_cmd_processor_formal.\s_axi_wdata [1] is used but has no driver.
SBY 15:44:48 [global_cmd_processor_cover] prep: Warning: Wire global_cmd_processor_formal.\s_axi_wdata [0] is used but has no driver.
SBY 15:44:48 [global_cmd_processor_cover] prep: Warning: Wire global_cmd_processor_formal.\s_axi_awvalid is used but has no driver.
SBY 15:44:48 [global_cmd_processor_cover] prep: Warning: Wire global_cmd_processor_formal.\s_axi_awaddr [11] is used but has no driver.
SBY 15:44:48 [global_cmd_processor_cover] prep: Warning: Wire global_cmd_processor_formal.\s_axi_awaddr [10] is used but has no driver.
SBY 15:44:48 [global_cmd_processor_cover] prep: Warning: Wire global_cmd_processor_formal.\s_axi_awaddr [9] is used but has no driver.
SBY 15:44:48 [global_cmd_processor_cover] prep: Warning: Wire global_cmd_processor_formal.\s_axi_awaddr [8] is used but has no driver.
SBY 15:44:48 [global_cmd_processor_cover] prep: Warning: Wire global_cmd_processor_formal.\s_axi_awaddr [7] is used but has no driver.
SBY 15:44:48 [global_cmd_processor_cover] prep: Warning: Wire global_cmd_processor_formal.\s_axi_awaddr [6] is used but has no driver.
SBY 15:44:48 [global_cmd_processor_cover] prep: Warning: Wire global_cmd_processor_formal.\s_axi_awaddr [5] is used but has no driver.
SBY 15:44:48 [global_cmd_processor_cover] prep: Warning: Wire global_cmd_processor_formal.\s_axi_awaddr [4] is used but has no driver.
SBY 15:44:48 [global_cmd_processor_cover] prep: Warning: Wire global_cmd_processor_formal.\s_axi_awaddr [3] is used but has no driver.
SBY 15:44:48 [global_cmd_processor_cover] prep: Warning: Wire global_cmd_processor_formal.\s_axi_awaddr [2] is used but has no driver.
SBY 15:44:48 [global_cmd_processor_cover] prep: Warning: Wire global_cmd_processor_formal.\s_axi_awaddr [1] is used but has no driver.
SBY 15:44:48 [global_cmd_processor_cover] prep: Warning: Wire global_cmd_processor_formal.\s_axi_awaddr [0] is used but has no driver.
SBY 15:44:48 [global_cmd_processor_cover] prep: Warning: Wire global_cmd_processor_formal.\s_axi_arvalid is used but has no driver.
SBY 15:44:48 [global_cmd_processor_cover] prep: Warning: Wire global_cmd_processor_formal.\s_axi_araddr [11] is used but has no driver.
SBY 15:44:48 [global_cmd_processor_cover] prep: Warning: Wire global_cmd_processor_formal.\s_axi_araddr [10] is used but has no driver.
SBY 15:44:48 [global_cmd_processor_cover] prep: Warning: Wire global_cmd_processor_formal.\s_axi_araddr [9] is used but has no driver.
SBY 15:44:48 [global_cmd_processor_cover] prep: Warning: Wire global_cmd_processor_formal.\s_axi_araddr [8] is used but has no driver.
SBY 15:44:48 [global_cmd_processor_cover] prep: Warning: Wire global_cmd_processor_formal.\s_axi_araddr [7] is used but has no driver.
SBY 15:44:48 [global_cmd_processor_cover] prep: Warning: Wire global_cmd_processor_formal.\s_axi_araddr [6] is used but has no driver.
SBY 15:44:48 [global_cmd_processor_cover] prep: Warning: Wire global_cmd_processor_formal.\s_axi_araddr [5] is used but has no driver.
SBY 15:44:48 [global_cmd_processor_cover] prep: Warning: Wire global_cmd_processor_formal.\s_axi_araddr [4] is used but has no driver.
SBY 15:44:48 [global_cmd_processor_cover] prep: Warning: Wire global_cmd_processor_formal.\s_axi_araddr [3] is used but has no driver.
SBY 15:44:48 [global_cmd_processor_cover] prep: Warning: Wire global_cmd_processor_formal.\s_axi_araddr [2] is used but has no driver.
SBY 15:44:48 [global_cmd_processor_cover] prep: Warning: Wire global_cmd_processor_formal.\s_axi_araddr [1] is used but has no driver.
SBY 15:44:48 [global_cmd_processor_cover] prep: Warning: Wire global_cmd_processor_formal.\s_axi_araddr [0] is used but has no driver.
SBY 15:44:48 [global_cmd_processor_cover] prep: Warning: Wire global_cmd_processor_formal.\clk is used but has no driver.
SBY 15:44:48 [global_cmd_processor_cover] prep: Warning: Wire global_cmd_processor_formal.\s_axi_bready is used but has no driver.
SBY 15:44:48 [global_cmd_processor_cover] prep: Warning: Wire global_cmd_processor_formal.\s_axi_rready is used but has no driver.
SBY 15:44:48 [global_cmd_processor_cover] prep: Warning: Wire global_cmd_processor_formal.\rst_n is used but has no driver.
SBY 15:44:48 [global_cmd_processor_cover] prep: finished (returncode=0)
SBY 15:44:48 [global_cmd_processor_cover] smt2: starting process &quot;cd global_cmd_processor_cover/model; yosys -ql design_smt2.log design_smt2.ys&quot;
SBY 15:44:48 [global_cmd_processor_cover] smt2: finished (returncode=0)
SBY 15:44:48 [global_cmd_processor_cover] engine_0: starting process &quot;cd global_cmd_processor_cover; yosys-smtbmc -s boolector --presat --unroll -c --noprogress -t 30  --append 0 --dump-vcd engine_0/trace%.vcd --dump-yw engine_0/trace%.yw --dump-vlogtb engine_0/trace%_tb.v --dump-smtc engine_0/trace%.smtc model/design_smt2.smt2&quot;
SBY 15:44:48 [global_cmd_processor_cover] engine_0: ##   0:00:00  Solver: boolector
SBY 15:44:48 [global_cmd_processor_cover] engine_0: ##   0:00:00  Checking cover reachability in step 0..
SBY 15:44:48 [global_cmd_processor_cover] engine_0: ##   0:00:00  Checking cover reachability in step 1..
SBY 15:44:48 [global_cmd_processor_cover] engine_0: ##   0:00:00  Checking cover reachability in step 2..
SBY 15:44:48 [global_cmd_processor_cover] engine_0: ##   0:00:00  Checking cover reachability in step 3..
SBY 15:44:48 [global_cmd_processor_cover] engine_0: ##   0:00:00  Reached cover statement in step 3 at global_cmd_processor_formal: global_cmd_processor_formal.sv:87.36-87.59 (_witness_.check_cover_global_cmd_processor_formal_sv_87_65)
SBY 15:44:48 [global_cmd_processor_cover] engine_0: ##   0:00:00  Writing trace to VCD file: engine_0/trace0.vcd
SBY 15:44:48 [global_cmd_processor_cover] engine_0: ##   0:00:00  Writing trace to Verilog testbench: engine_0/trace0_tb.v
SBY 15:44:48 [global_cmd_processor_cover] engine_0: ##   0:00:00  Writing trace to constraints file: engine_0/trace0.smtc
SBY 15:44:48 [global_cmd_processor_cover] engine_0: ##   0:00:00  Writing trace to Yosys witness file: engine_0/trace0.yw
SBY 15:44:48 [global_cmd_processor_cover] engine_0: ##   0:00:00  Checking cover reachability in step 3..
SBY 15:44:48 [global_cmd_processor_cover] engine_0: ##   0:00:00  Checking cover reachability in step 4..
SBY 15:44:48 [global_cmd_processor_cover] engine_0: ##   0:00:00  Reached cover statement in step 4 at global_cmd_processor_formal: global_cmd_processor_formal.sv:99.36-99.47 (_witness_.check_cover_global_cmd_processor_formal_sv_99_77)
SBY 15:44:48 [global_cmd_processor_cover] engine_0: ##   0:00:00  Writing trace to VCD file: engine_0/trace1.vcd
SBY 15:44:48 [global_cmd_processor_cover] engine_0: ##   0:00:00  Writing trace to Verilog testbench: engine_0/trace1_tb.v
SBY 15:44:48 [global_cmd_processor_cover] engine_0: ##   0:00:00  Writing trace to constraints file: engine_0/trace1.smtc
SBY 15:44:48 [global_cmd_processor_cover] engine_0: ##   0:00:00  Writing trace to Yosys witness file: engine_0/trace1.yw
SBY 15:44:48 [global_cmd_processor_cover] engine_0: ##   0:00:00  Checking cover reachability in step 4..
SBY 15:44:48 [global_cmd_processor_cover] engine_0: ##   0:00:00  Reached cover statement in step 4 at global_cmd_processor_formal: global_cmd_processor_formal.sv:91.36-91.72 (_witness_.check_cover_global_cmd_processor_formal_sv_91_69)
SBY 15:44:48 [global_cmd_processor_cover] engine_0: ##   0:00:00  Writing trace to VCD file: engine_0/trace2.vcd
SBY 15:44:48 [global_cmd_processor_cover] engine_0: ##   0:00:00  Writing trace to Verilog testbench: engine_0/trace2_tb.v
SBY 15:44:48 [global_cmd_processor_cover] engine_0: ##   0:00:00  Writing trace to constraints file: engine_0/trace2.smtc
SBY 15:44:48 [global_cmd_processor_cover] engine_0: ##   0:00:00  Writing trace to Yosys witness file: engine_0/trace2.yw
SBY 15:44:48 [global_cmd_processor_cover] engine_0: ##   0:00:00  Checking cover reachability in step 4..
SBY 15:44:48 [global_cmd_processor_cover] engine_0: ##   0:00:00  Reached cover statement in step 4 at global_cmd_processor_formal: global_cmd_processor_formal.sv:95.36-95.72 (_witness_.check_cover_global_cmd_processor_formal_sv_95_73)
SBY 15:44:48 [global_cmd_processor_cover] engine_0: ##   0:00:00  Writing trace to VCD file: engine_0/trace3.vcd
SBY 15:44:48 [global_cmd_processor_cover] engine_0: ##   0:00:00  Writing trace to Verilog testbench: engine_0/trace3_tb.v
SBY 15:44:48 [global_cmd_processor_cover] engine_0: ##   0:00:00  Writing trace to constraints file: engine_0/trace3.smtc
SBY 15:44:48 [global_cmd_processor_cover] engine_0: ##   0:00:00  Writing trace to Yosys witness file: engine_0/trace3.yw
SBY 15:44:48 [global_cmd_processor_cover] engine_0: ##   0:00:00  Status: passed
SBY 15:44:48 [global_cmd_processor_cover] engine_0: finished (returncode=0)
SBY 15:44:48 [global_cmd_processor_cover] engine_0: Status returned by engine: pass
SBY 15:44:48 [global_cmd_processor_cover] summary: Elapsed clock time [H:MM:SS (secs)]: 0:00:00 (0)
SBY 15:44:48 [global_cmd_processor_cover] summary: Elapsed process time [H:MM:SS (secs)]: 0:00:00 (0)
SBY 15:44:48 [global_cmd_processor_cover] summary: engine_0 (smtbmc boolector) returned pass
SBY 15:44:48 [global_cmd_processor_cover] summary: cover trace: global_cmd_processor_cover/engine_0/trace0.vcd
SBY 15:44:48 [global_cmd_processor_cover] summary:   reached cover statement global_cmd_processor_formal._witness_.check_cover_global_cmd_processor_formal_sv_87_65 at global_cmd_processor_formal.sv:87.36-87.59 step 3
SBY 15:44:48 [global_cmd_processor_cover] summary: cover trace: global_cmd_processor_cover/engine_0/trace1.vcd
SBY 15:44:48 [global_cmd_processor_cover] summary:   reached cover statement global_cmd_processor_formal._witness_.check_cover_global_cmd_processor_formal_sv_99_77 at global_cmd_processor_formal.sv:99.36-99.47 step 4
SBY 15:44:48 [global_cmd_processor_cover] summary: cover trace: global_cmd_processor_cover/engine_0/trace2.vcd
SBY 15:44:48 [global_cmd_processor_cover] summary:   reached cover statement global_cmd_processor_formal._witness_.check_cover_global_cmd_processor_formal_sv_91_69 at global_cmd_processor_formal.sv:91.36-91.72 step 4
SBY 15:44:48 [global_cmd_processor_cover] summary: cover trace: global_cmd_processor_cover/engine_0/trace3.vcd
SBY 15:44:48 [global_cmd_processor_cover] summary:   reached cover statement global_cmd_processor_formal._witness_.check_cover_global_cmd_processor_formal_sv_95_73 at global_cmd_processor_formal.sv:95.36-95.72 step 4
SBY 15:44:48 [global_cmd_processor_cover] DONE (PASS, rc=0)
</system-out>
<system-err>
</system-err>
</testsuite>
</testsuites>
